[ 2018-10-28T15:39:45+08:00 ] 127.0.0.1 /thinkphp/tel/index.php/Home/user/index.html
INFO: [ app_init ] --START--
INFO: Run Behavior\BuildLiteBehavior [ RunTime:0.000028s ]
INFO: [ app_init ] --END-- [ RunTime:0.001085s ]
INFO: [ app_begin ] --START--
INFO: Run Behavior\ReadHtmlCacheBehavior [ RunTime:0.001130s ]
INFO: [ app_begin ] --END-- [ RunTime:0.001318s ]
SQL: SHOW COLUMNS FROM `telbook_user` [ RunTime:0.0178s ]
NOTIC: [8] Undefined variable: map D:\wamp\www\thinkphp\tel\Home\Model\UserModel.class.php 第 61 行.
SQL: SHOW COLUMNS FROM `telbook_user` [ RunTime:0.0140s ]
SQL: SELECT `uid`,`realname`,u.status,u.cid,`dids`,`jids`,`gids`,g.title gtitle,`cname` FROM telbook_user u left join telbook_group g on u.gids = g.id left join telbook_company c on u.cid = c.cid  LIMIT 0,10   [ RunTime:0.0015s ]
SQL: SHOW COLUMNS FROM `telbook_department` [ RunTime:0.0095s ]
NOTIC: [8] Undefined variable: map D:\wamp\www\thinkphp\tel\Home\Model\UserModel.class.php 第 97 行.
SQL: SELECT * FROM `telbook_department`  [ RunTime:0.0009s ]
NOTIC: [8] Undefined index:  D:\wamp\www\thinkphp\tel\Home\Model\UserModel.class.php 第 82 行.
NOTIC: [8] Undefined index:  D:\wamp\www\thinkphp\tel\Home\Model\UserModel.class.php 第 82 行.
SQL: SHOW COLUMNS FROM `telbook_job` [ RunTime:0.0120s ]
NOTIC: [8] Undefined variable: map D:\wamp\www\thinkphp\tel\Home\Model\UserModel.class.php 第 97 行.
SQL: SELECT * FROM `telbook_job`  [ RunTime:0.0009s ]
NOTIC: [8] Undefined index:  D:\wamp\www\thinkphp\tel\Home\Model\UserModel.class.php 第 82 行.
NOTIC: [8] Undefined index:  D:\wamp\www\thinkphp\tel\Home\Model\UserModel.class.php 第 82 行.
NOTIC: [8] Undefined index:  D:\wamp\www\thinkphp\tel\Home\Model\UserModel.class.php 第 82 行.
NOTIC: [8] Undefined index:  D:\wamp\www\thinkphp\tel\Home\Model\UserModel.class.php 第 82 行.
NOTIC: [8] Undefined index:  D:\wamp\www\thinkphp\tel\Home\Model\UserModel.class.php 第 82 行.
NOTIC: [8] Undefined index:  D:\wamp\www\thinkphp\tel\Home\Model\UserModel.class.php 第 82 行.
NOTIC: [8] Undefined variable: map D:\wamp\www\thinkphp\tel\Home\Controller\UserController.class.php 第 22 行.
SQL: SHOW COLUMNS FROM `telbook_user` [ RunTime:0.0099s ]
SQL: SELECT COUNT(*) AS tp_count FROM `telbook_user` LIMIT 1   [ RunTime:0.0006s ]
INFO: [ view_parse ] --START--
INFO: [ template_filter ] --START--
INFO: Run Behavior\ContentReplaceBehavior [ RunTime:0.000108s ]
INFO: [ template_filter ] --END-- [ RunTime:0.000232s ]
NOTIC: [8] Undefined index: card D:\wamp\www\thinkphp\tel\Runtime\Cache\Home\5fcf996fe49672e1c3c37387ec613a9b.php 第 85 行.
NOTIC: [8] Undefined index: createtime D:\wamp\www\thinkphp\tel\Runtime\Cache\Home\5fcf996fe49672e1c3c37387ec613a9b.php 第 86 行.
NOTIC: [8] Undefined index: uptime D:\wamp\www\thinkphp\tel\Runtime\Cache\Home\5fcf996fe49672e1c3c37387ec613a9b.php 第 96 行.
NOTIC: [8] Undefined index: card D:\wamp\www\thinkphp\tel\Runtime\Cache\Home\5fcf996fe49672e1c3c37387ec613a9b.php 第 85 行.
NOTIC: [8] Undefined index: createtime D:\wamp\www\thinkphp\tel\Runtime\Cache\Home\5fcf996fe49672e1c3c37387ec613a9b.php 第 86 行.
NOTIC: [8] Undefined index: uptime D:\wamp\www\thinkphp\tel\Runtime\Cache\Home\5fcf996fe49672e1c3c37387ec613a9b.php 第 96 行.
NOTIC: [8] Undefined index: card D:\wamp\www\thinkphp\tel\Runtime\Cache\Home\5fcf996fe49672e1c3c37387ec613a9b.php 第 85 行.
NOTIC: [8] Undefined index: createtime D:\wamp\www\thinkphp\tel\Runtime\Cache\Home\5fcf996fe49672e1c3c37387ec613a9b.php 第 86 行.
NOTIC: [8] Undefined index: uptime D:\wamp\www\thinkphp\tel\Runtime\Cache\Home\5fcf996fe49672e1c3c37387ec613a9b.php 第 96 行.
NOTIC: [8] Undefined index: card D:\wamp\www\thinkphp\tel\Runtime\Cache\Home\5fcf996fe49672e1c3c37387ec613a9b.php 第 85 行.
NOTIC: [8] Undefined index: createtime D:\wamp\www\thinkphp\tel\Runtime\Cache\Home\5fcf996fe49672e1c3c37387ec613a9b.php 第 86 行.
NOTIC: [8] Undefined index: uptime D:\wamp\www\thinkphp\tel\Runtime\Cache\Home\5fcf996fe49672e1c3c37387ec613a9b.php 第 96 行.
NOTIC: [8] Undefined index: card D:\wamp\www\thinkphp\tel\Runtime\Cache\Home\5fcf996fe49672e1c3c37387ec613a9b.php 第 85 行.
NOTIC: [8] Undefined index: createtime D:\wamp\www\thinkphp\tel\Runtime\Cache\Home\5fcf996fe49672e1c3c37387ec613a9b.php 第 86 行.
NOTIC: [8] Undefined index: uptime D:\wamp\www\thinkphp\tel\Runtime\Cache\Home\5fcf996fe49672e1c3c37387ec613a9b.php 第 96 行.
NOTIC: [8] Undefined index: card D:\wamp\www\thinkphp\tel\Runtime\Cache\Home\5fcf996fe49672e1c3c37387ec613a9b.php 第 85 行.
NOTIC: [8] Undefined index: createtime D:\wamp\www\thinkphp\tel\Runtime\Cache\Home\5fcf996fe49672e1c3c37387ec613a9b.php 第 86 行.
NOTIC: [8] Undefined index: uptime D:\wamp\www\thinkphp\tel\Runtime\Cache\Home\5fcf996fe49672e1c3c37387ec613a9b.php 第 96 行.
NOTIC: [8] Undefined index: card D:\wamp\www\thinkphp\tel\Runtime\Cache\Home\5fcf996fe49672e1c3c37387ec613a9b.php 第 85 行.
NOTIC: [8] Undefined index: createtime D:\wamp\www\thinkphp\tel\Runtime\Cache\Home\5fcf996fe49672e1c3c37387ec613a9b.php 第 86 行.
NOTIC: [8] Undefined index: uptime D:\wamp\www\thinkphp\tel\Runtime\Cache\Home\5fcf996fe49672e1c3c37387ec613a9b.php 第 96 行.
NOTIC: [8] Undefined index: card D:\wamp\www\thinkphp\tel\Runtime\Cache\Home\5fcf996fe49672e1c3c37387ec613a9b.php 第 85 行.
NOTIC: [8] Undefined index: createtime D:\wamp\www\thinkphp\tel\Runtime\Cache\Home\5fcf996fe49672e1c3c37387ec613a9b.php 第 86 行.
NOTIC: [8] Undefined index: uptime D:\wamp\www\thinkphp\tel\Runtime\Cache\Home\5fcf996fe49672e1c3c37387ec613a9b.php 第 96 行.
NOTIC: [8] Undefined index: card D:\wamp\www\thinkphp\tel\Runtime\Cache\Home\5fcf996fe49672e1c3c37387ec613a9b.php 第 85 行.
NOTIC: [8] Undefined index: createtime D:\wamp\www\thinkphp\tel\Runtime\Cache\Home\5fcf996fe49672e1c3c37387ec613a9b.php 第 86 行.
NOTIC: [8] Undefined index: uptime D:\wamp\www\thinkphp\tel\Runtime\Cache\Home\5fcf996fe49672e1c3c37387ec613a9b.php 第 96 行.
NOTIC: [8] Undefined index: card D:\wamp\www\thinkphp\tel\Runtime\Cache\Home\5fcf996fe49672e1c3c37387ec613a9b.php 第 85 行.
NOTIC: [8] Undefined index: createtime D:\wamp\www\thinkphp\tel\Runtime\Cache\Home\5fcf996fe49672e1c3c37387ec613a9b.php 第 86 行.
NOTIC: [8] Undefined index: uptime D:\wamp\www\thinkphp\tel\Runtime\Cache\Home\5fcf996fe49672e1c3c37387ec613a9b.php 第 96 行.
INFO: Run Behavior\ParseTemplateBehavior [ RunTime:0.187976s ]
INFO: [ view_parse ] --END-- [ RunTime:0.188212s ]
INFO: [ view_filter ] --START--
INFO: Run Behavior\WriteHtmlCacheBehavior [ RunTime:0.002761s ]
INFO: [ view_filter ] --END-- [ RunTime:0.003156s ]
INFO: [ app_end ] --START--
INFO: Run Behavior\ShowPageTraceBehavior [ RunTime:0.002765s ]
INFO: [ app_end ] --END-- [ RunTime:0.003069s ]

[ 2018-10-28T15:39:55+08:00 ] 127.0.0.1 /thinkphp/tel/index.php/Home/User/edit/uid/10.html
INFO: [ app_init ] --START--
INFO: Run Behavior\BuildLiteBehavior [ RunTime:0.000059s ]
INFO: [ app_init ] --END-- [ RunTime:0.000928s ]
INFO: [ app_begin ] --START--
INFO: Run Behavior\ReadHtmlCacheBehavior [ RunTime:0.000586s ]
INFO: [ app_begin ] --END-- [ RunTime:0.000686s ]
SQL: SHOW COLUMNS FROM `telbook_user` [ RunTime:0.0085s ]
SQL: SELECT * FROM `telbook_user` WHERE `uid` = 10 LIMIT 1   [ RunTime:0.0007s ]
SQL: SHOW COLUMNS FROM `telbook_tel` [ RunTime:0.0089s ]
SQL: SELECT `vtel`,`fulltel`,`otel`,`hometel`,`familytel`,`mail`,`uptime` FROM `telbook_tel` WHERE ( 1=1 AND uid='10' ) LIMIT 1   [ RunTime:0.0010s ]
SQL: SHOW COLUMNS FROM `telbook_company` [ RunTime:0.0083s ]
SQL: SELECT * FROM `telbook_company`  [ RunTime:0.0005s ]
SQL: SHOW COLUMNS FROM `telbook_group` [ RunTime:0.0073s ]
SQL: SELECT * FROM `telbook_group`  [ RunTime:0.0005s ]
INFO: [ view_parse ] --START--
INFO: [ template_filter ] --START--
INFO: Run Behavior\ContentReplaceBehavior [ RunTime:0.000179s ]
INFO: [ template_filter ] --END-- [ RunTime:0.000387s ]
INFO: Run Behavior\ParseTemplateBehavior [ RunTime:0.047945s ]
INFO: [ view_parse ] --END-- [ RunTime:0.048113s ]
INFO: [ view_filter ] --START--
INFO: Run Behavior\WriteHtmlCacheBehavior [ RunTime:0.001414s ]
INFO: [ view_filter ] --END-- [ RunTime:0.001649s ]
INFO: [ app_end ] --START--
INFO: Run Behavior\ShowPageTraceBehavior [ RunTime:0.001652s ]
INFO: [ app_end ] --END-- [ RunTime:0.001841s ]

[ 2018-10-28T15:40:30+08:00 ] 127.0.0.1 /thinkphp/tel/index.php/Home/User/edit.html
INFO: [ app_init ] --START--
INFO: Run Behavior\BuildLiteBehavior [ RunTime:0.000024s ]
INFO: [ app_init ] --END-- [ RunTime:0.000464s ]
INFO: [ app_begin ] --START--
INFO: Run Behavior\ReadHtmlCacheBehavior [ RunTime:0.000767s ]
INFO: [ app_begin ] --END-- [ RunTime:0.000877s ]
SQL: SHOW COLUMNS FROM `telbook_user` [ RunTime:0.0195s ]
SQL: SELECT * FROM `telbook_user` WHERE `uid` = 10 LIMIT 1   [ RunTime:0.0015s ]
SQL: SHOW COLUMNS FROM `telbook_tel` [ RunTime:0.0120s ]
SQL: SELECT `vtel`,`fulltel`,`otel`,`hometel`,`familytel`,`mail`,`uptime` FROM `telbook_tel` WHERE ( 1=1 AND uid='10' ) LIMIT 1   [ RunTime:0.0006s ]
NOTIC: [8] Undefined index: validate D:\wamp\www\thinkphp\ThinkPHP\Library\Think\Model.class.php 第 1185 行.
SQL: SELECT * FROM `telbook_user` WHERE `card` = '66069' AND `uid` <> 10 LIMIT 1   [ RunTime:0.0015s ]
NOTIC: [8] Undefined index: auto D:\wamp\www\thinkphp\ThinkPHP\Library\Think\Model.class.php 第 1128 行.
NOTIC: [8] Undefined offset: 0 D:\wamp\www\thinkphp\ThinkPHP\Library\Think\Db\Driver.class.php 第 373 行.
SQL: UPDATE `telbook_user` SET `realname`='admin',`pwd`='21232f297a57a5a743894a0e4a801fc3',`status`='1',`uptime`='1540712430',`card`='66069',`cid`='1',`gids`='1' WHERE `uid` = 10 [ RunTime:0.2387s ]
NOTIC: [8] Undefined index: mapping_name D:\wamp\www\thinkphp\ThinkPHP\Library\Think\Model\RelationModel.class.php 第 259 行.
NOTIC: [8] Undefined index: mapping_name D:\wamp\www\thinkphp\ThinkPHP\Library\Think\Model\RelationModel.class.php 第 259 行.
NOTIC: [8] Undefined index: mapping_name D:\wamp\www\thinkphp\ThinkPHP\Library\Think\Model\RelationModel.class.php 第 259 行.
NOTIC: [8] Undefined index: mapping_name D:\wamp\www\thinkphp\ThinkPHP\Library\Think\Model\RelationModel.class.php 第 259 行.
SQL: UPDATE `telbook_tel` SET `vtel`='66069',`fulltel`='',`otel`='',`hometel`='',`familytel`='',`mail`='',`uptime`='1540712430' WHERE `uid` = 10 [ RunTime:0.0012s ]
SQL: SHOW COLUMNS FROM `telbook_middle` [ RunTime:0.0193s ]
NOTIC: [2] Illegal offset type in isset or empty D:\wamp\www\thinkphp\ThinkPHP\Library\Think\Model.class.php 第 511 行.
SQL: DELETE FROM `telbook_middle` WHERE `uid` = 10 [ RunTime:0.0015s ]
SQL: INSERT INTO `telbook_middle` (`uid`,`group_id`) VALUES ('10','1') [ RunTime:0.0120s ]
INFO: [ app_end ] --START--
INFO: Run Behavior\ShowPageTraceBehavior [ RunTime:0.001726s ]
INFO: [ app_end ] --END-- [ RunTime:0.001879s ]

[ 2018-10-28T15:40:37+08:00 ] 127.0.0.1 /thinkphp/tel/index.php/Home/User/edit.html
INFO: [ app_init ] --START--
INFO: Run Behavior\BuildLiteBehavior [ RunTime:0.000032s ]
INFO: [ app_init ] --END-- [ RunTime:0.000655s ]
INFO: [ app_begin ] --START--
INFO: Run Behavior\ReadHtmlCacheBehavior [ RunTime:0.000829s ]
INFO: [ app_begin ] --END-- [ RunTime:0.000973s ]
SQL: SHOW COLUMNS FROM `telbook_user` [ RunTime:0.0196s ]
SQL: SELECT * FROM `telbook_user` WHERE `uid` = 10 LIMIT 1   [ RunTime:0.0017s ]
SQL: SHOW COLUMNS FROM `telbook_tel` [ RunTime:0.0101s ]
SQL: SELECT `vtel`,`fulltel`,`otel`,`hometel`,`familytel`,`mail`,`uptime` FROM `telbook_tel` WHERE ( 1=1 AND uid='10' ) LIMIT 1   [ RunTime:0.0006s ]
NOTIC: [8] Undefined index: validate D:\wamp\www\thinkphp\ThinkPHP\Library\Think\Model.class.php 第 1185 行.
SQL: SELECT * FROM `telbook_user` WHERE `card` = '66069' AND `uid` <> 10 LIMIT 1   [ RunTime:0.0008s ]
NOTIC: [8] Undefined index: auto D:\wamp\www\thinkphp\ThinkPHP\Library\Think\Model.class.php 第 1128 行.
NOTIC: [8] Undefined offset: 0 D:\wamp\www\thinkphp\ThinkPHP\Library\Think\Db\Driver.class.php 第 373 行.
SQL: UPDATE `telbook_user` SET `realname`='admin',`pwd`='21232f297a57a5a743894a0e4a801fc3',`status`='1',`uptime`='1540712437',`card`='66069',`cid`='1',`gids`='1' WHERE `uid` = 10 [ RunTime:0.1913s ]
NOTIC: [8] Undefined index: mapping_name D:\wamp\www\thinkphp\ThinkPHP\Library\Think\Model\RelationModel.class.php 第 259 行.
NOTIC: [8] Undefined index: mapping_name D:\wamp\www\thinkphp\ThinkPHP\Library\Think\Model\RelationModel.class.php 第 259 行.
NOTIC: [8] Undefined index: mapping_name D:\wamp\www\thinkphp\ThinkPHP\Library\Think\Model\RelationModel.class.php 第 259 行.
NOTIC: [8] Undefined index: mapping_name D:\wamp\www\thinkphp\ThinkPHP\Library\Think\Model\RelationModel.class.php 第 259 行.
SQL: UPDATE `telbook_tel` SET `vtel`='66069',`fulltel`='',`otel`='',`hometel`='',`familytel`='',`mail`='',`uptime`='1540712437' WHERE `uid` = 10 [ RunTime:0.0010s ]
SQL: SHOW COLUMNS FROM `telbook_middle` [ RunTime:0.0153s ]
NOTIC: [2] Illegal offset type in isset or empty D:\wamp\www\thinkphp\ThinkPHP\Library\Think\Model.class.php 第 511 行.
SQL: DELETE FROM `telbook_middle` WHERE `uid` = 10 [ RunTime:0.0102s ]
SQL: INSERT INTO `telbook_middle` (`uid`,`group_id`) VALUES ('10','1') [ RunTime:0.0008s ]
INFO: [ view_parse ] --START--
INFO: [ template_filter ] --START--
INFO: Run Behavior\ContentReplaceBehavior [ RunTime:0.000146s ]
INFO: [ template_filter ] --END-- [ RunTime:0.000350s ]
INFO: Run Behavior\ParseTemplateBehavior [ RunTime:0.018997s ]
INFO: [ view_parse ] --END-- [ RunTime:0.019217s ]
INFO: [ view_filter ] --START--
INFO: Run Behavior\WriteHtmlCacheBehavior [ RunTime:0.001607s ]
INFO: [ view_filter ] --END-- [ RunTime:0.001802s ]

[ 2018-10-28T15:40:38+08:00 ] 127.0.0.1 /thinkphp/tel/index.php/Home/login/logout.html
INFO: [ app_init ] --START--
INFO: Run Behavior\BuildLiteBehavior [ RunTime:0.000030s ]
INFO: [ app_init ] --END-- [ RunTime:0.000699s ]
INFO: [ app_begin ] --START--
INFO: Run Behavior\ReadHtmlCacheBehavior [ RunTime:0.000645s ]
INFO: [ app_begin ] --END-- [ RunTime:0.000754s ]
INFO: [ view_parse ] --START--
INFO: [ template_filter ] --START--
INFO: Run Behavior\ContentReplaceBehavior [ RunTime:0.000130s ]
INFO: [ template_filter ] --END-- [ RunTime:0.000314s ]
INFO: Run Behavior\ParseTemplateBehavior [ RunTime:0.020063s ]
INFO: [ view_parse ] --END-- [ RunTime:0.020291s ]
INFO: [ view_filter ] --START--
INFO: Run Behavior\WriteHtmlCacheBehavior [ RunTime:0.001496s ]
INFO: [ view_filter ] --END-- [ RunTime:0.001688s ]
INFO: [ app_end ] --START--
INFO: Run Behavior\ShowPageTraceBehavior [ RunTime:0.002218s ]
INFO: [ app_end ] --END-- [ RunTime:0.002413s ]

[ 2018-10-28T15:40:39+08:00 ] 127.0.0.1 /thinkphp/tel/index.php/Home/Login/index.html
INFO: [ app_init ] --START--
INFO: Run Behavior\BuildLiteBehavior [ RunTime:0.000023s ]
INFO: [ app_init ] --END-- [ RunTime:0.000474s ]
INFO: [ app_begin ] --START--
INFO: Run Behavior\ReadHtmlCacheBehavior [ RunTime:0.000631s ]
INFO: [ app_begin ] --END-- [ RunTime:0.000741s ]
INFO: [ view_parse ] --START--
INFO: [ template_filter ] --START--
INFO: Run Behavior\ContentReplaceBehavior [ RunTime:0.000177s ]
INFO: [ template_filter ] --END-- [ RunTime:0.000402s ]
INFO: Run Behavior\ParseTemplateBehavior [ RunTime:0.157286s ]
INFO: [ view_parse ] --END-- [ RunTime:0.157458s ]
INFO: [ view_filter ] --START--
INFO: Run Behavior\WriteHtmlCacheBehavior [ RunTime:0.001719s ]
INFO: [ view_filter ] --END-- [ RunTime:0.001897s ]
INFO: [ app_end ] --START--
INFO: Run Behavior\ShowPageTraceBehavior [ RunTime:0.002242s ]
INFO: [ app_end ] --END-- [ RunTime:0.002436s ]

[ 2018-10-28T15:40:39+08:00 ] 127.0.0.1 /thinkphp/tel/index.php/Home/Login/verifyImg.html
INFO: [ app_init ] --START--
INFO: Run Behavior\BuildLiteBehavior [ RunTime:0.000060s ]
INFO: [ app_init ] --END-- [ RunTime:0.002492s ]
INFO: [ app_begin ] --START--
INFO: Run Behavior\ReadHtmlCacheBehavior [ RunTime:0.000706s ]
INFO: [ app_begin ] --END-- [ RunTime:0.000830s ]
INFO: [ app_end ] --START--
INFO: Run Behavior\ShowPageTraceBehavior [ RunTime:0.003092s ]
INFO: [ app_end ] --END-- [ RunTime:0.003399s ]

[ 2018-10-28T15:41:01+08:00 ] 127.0.0.1 /thinkphp/tel/index.php/Home/Login/index.html
INFO: [ app_init ] --START--
INFO: Run Behavior\BuildLiteBehavior [ RunTime:0.000024s ]
INFO: [ app_init ] --END-- [ RunTime:0.000670s ]
INFO: [ app_begin ] --START--
INFO: Run Behavior\ReadHtmlCacheBehavior [ RunTime:0.000653s ]
INFO: [ app_begin ] --END-- [ RunTime:0.000754s ]
SQL: SHOW COLUMNS FROM `telbook_user` [ RunTime:0.0121s ]
SQL: SELECT * FROM `telbook_user` WHERE `realname` = 'admin' AND `pwd` = '21232f297a57a5a743894a0e4a801fc3' LIMIT 1   [ RunTime:0.0009s ]
SQL: SHOW COLUMNS FROM `telbook_company` [ RunTime:0.0103s ]
SQL: SELECT `cname` FROM `telbook_company` WHERE ( 1=1 AND cid='1' ) LIMIT 1   [ RunTime:0.0005s ]
SQL: SHOW COLUMNS FROM `telbook_group` [ RunTime:0.0076s ]
SQL: SELECT `title` FROM `telbook_group` WHERE ( 1=1 AND id='1' ) LIMIT 1   [ RunTime:0.0004s ]
SQL: SHOW COLUMNS FROM `telbook_middle` [ RunTime:0.0069s ]
SQL: SELECT `group_id` FROM `telbook_middle` WHERE ( 1=1 AND uid='10' ) LIMIT 1   [ RunTime:0.0004s ]
SQL: SHOW COLUMNS FROM `telbook_tel` [ RunTime:0.0082s ]
SQL: SELECT `vtel`,`fulltel`,`otel`,`hometel`,`familytel`,`mail`,`uptime` FROM `telbook_tel` WHERE ( 1=1 AND uid='10' ) LIMIT 1   [ RunTime:0.0005s ]
INFO: [ view_parse ] --START--
INFO: [ template_filter ] --START--
INFO: Run Behavior\ContentReplaceBehavior [ RunTime:0.000072s ]
INFO: [ template_filter ] --END-- [ RunTime:0.000167s ]
INFO: Run Behavior\ParseTemplateBehavior [ RunTime:0.009433s ]
INFO: [ view_parse ] --END-- [ RunTime:0.009572s ]
INFO: [ view_filter ] --START--
INFO: Run Behavior\WriteHtmlCacheBehavior [ RunTime:0.000872s ]
INFO: [ view_filter ] --END-- [ RunTime:0.000977s ]
INFO: [ app_end ] --START--
INFO: Run Behavior\ShowPageTraceBehavior [ RunTime:0.001372s ]
INFO: [ app_end ] --END-- [ RunTime:0.001494s ]

[ 2018-10-28T15:41:02+08:00 ] 127.0.0.1 /thinkphp/tel/index.php/Home/index/index.html
INFO: [ app_init ] --START--
INFO: Run Behavior\BuildLiteBehavior [ RunTime:0.000046s ]
INFO: [ app_init ] --END-- [ RunTime:0.001238s ]
INFO: [ app_begin ] --START--
INFO: Run Behavior\ReadHtmlCacheBehavior [ RunTime:0.000794s ]
INFO: [ app_begin ] --END-- [ RunTime:0.000932s ]
INFO: [ view_parse ] --START--
INFO: [ template_filter ] --START--
INFO: Run Behavior\ContentReplaceBehavior [ RunTime:0.000241s ]
INFO: [ template_filter ] --END-- [ RunTime:0.000535s ]
INFO: Run Behavior\ParseTemplateBehavior [ RunTime:0.098417s ]
INFO: [ view_parse ] --END-- [ RunTime:0.098732s ]
INFO: [ view_filter ] --START--
INFO: Run Behavior\WriteHtmlCacheBehavior [ RunTime:0.002701s ]
INFO: [ view_filter ] --END-- [ RunTime:0.002939s ]
INFO: [ app_end ] --START--
INFO: Run Behavior\ShowPageTraceBehavior [ RunTime:0.005252s ]
INFO: [ app_end ] --END-- [ RunTime:0.005444s ]

[ 2018-10-28T15:41:06+08:00 ] 127.0.0.1 /thinkphp/tel/index.php/Home/user/index.html
INFO: [ app_init ] --START--
INFO: Run Behavior\BuildLiteBehavior [ RunTime:0.000033s ]
INFO: [ app_init ] --END-- [ RunTime:0.000726s ]
INFO: [ app_begin ] --START--
INFO: Run Behavior\ReadHtmlCacheBehavior [ RunTime:0.000699s ]
INFO: [ app_begin ] --END-- [ RunTime:0.000851s ]
SQL: SHOW COLUMNS FROM `telbook_user` [ RunTime:0.0107s ]
NOTIC: [8] Undefined variable: map D:\wamp\www\thinkphp\tel\Home\Model\UserModel.class.php 第 61 行.
SQL: SHOW COLUMNS FROM `telbook_user` [ RunTime:0.0100s ]
SQL: SELECT `uid`,`realname`,u.status,u.cid,`dids`,`jids`,`gids`,g.title gtitle,`cname` FROM telbook_user u left join telbook_group g on u.gids = g.id left join telbook_company c on u.cid = c.cid  LIMIT 0,10   [ RunTime:0.0013s ]
SQL: SHOW COLUMNS FROM `telbook_department` [ RunTime:0.0090s ]
NOTIC: [8] Undefined variable: map D:\wamp\www\thinkphp\tel\Home\Model\UserModel.class.php 第 97 行.
SQL: SELECT * FROM `telbook_department`  [ RunTime:0.0006s ]
NOTIC: [8] Undefined index:  D:\wamp\www\thinkphp\tel\Home\Model\UserModel.class.php 第 82 行.
NOTIC: [8] Undefined index:  D:\wamp\www\thinkphp\tel\Home\Model\UserModel.class.php 第 82 行.
SQL: SHOW COLUMNS FROM `telbook_job` [ RunTime:0.0096s ]
NOTIC: [8] Undefined variable: map D:\wamp\www\thinkphp\tel\Home\Model\UserModel.class.php 第 97 行.
SQL: SELECT * FROM `telbook_job`  [ RunTime:0.0011s ]
NOTIC: [8] Undefined index:  D:\wamp\www\thinkphp\tel\Home\Model\UserModel.class.php 第 82 行.
NOTIC: [8] Undefined index:  D:\wamp\www\thinkphp\tel\Home\Model\UserModel.class.php 第 82 行.
NOTIC: [8] Undefined index:  D:\wamp\www\thinkphp\tel\Home\Model\UserModel.class.php 第 82 行.
NOTIC: [8] Undefined index:  D:\wamp\www\thinkphp\tel\Home\Model\UserModel.class.php 第 82 行.
NOTIC: [8] Undefined index:  D:\wamp\www\thinkphp\tel\Home\Model\UserModel.class.php 第 82 行.
NOTIC: [8] Undefined index:  D:\wamp\www\thinkphp\tel\Home\Model\UserModel.class.php 第 82 行.
NOTIC: [8] Undefined variable: map D:\wamp\www\thinkphp\tel\Home\Controller\UserController.class.php 第 22 行.
SQL: SHOW COLUMNS FROM `telbook_user` [ RunTime:0.0083s ]
SQL: SELECT COUNT(*) AS tp_count FROM `telbook_user` LIMIT 1   [ RunTime:0.0006s ]
INFO: [ view_parse ] --START--
INFO: [ template_filter ] --START--
INFO: Run Behavior\ContentReplaceBehavior [ RunTime:0.000096s ]
INFO: [ template_filter ] --END-- [ RunTime:0.000232s ]
NOTIC: [8] Undefined index: card D:\wamp\www\thinkphp\tel\Runtime\Cache\Home\5fcf996fe49672e1c3c37387ec613a9b.php 第 85 行.
NOTIC: [8] Undefined index: createtime D:\wamp\www\thinkphp\tel\Runtime\Cache\Home\5fcf996fe49672e1c3c37387ec613a9b.php 第 86 行.
NOTIC: [8] Undefined index: uptime D:\wamp\www\thinkphp\tel\Runtime\Cache\Home\5fcf996fe49672e1c3c37387ec613a9b.php 第 96 行.
NOTIC: [8] Undefined index: card D:\wamp\www\thinkphp\tel\Runtime\Cache\Home\5fcf996fe49672e1c3c37387ec613a9b.php 第 85 行.
NOTIC: [8] Undefined index: createtime D:\wamp\www\thinkphp\tel\Runtime\Cache\Home\5fcf996fe49672e1c3c37387ec613a9b.php 第 86 行.
NOTIC: [8] Undefined index: uptime D:\wamp\www\thinkphp\tel\Runtime\Cache\Home\5fcf996fe49672e1c3c37387ec613a9b.php 第 96 行.
NOTIC: [8] Undefined index: card D:\wamp\www\thinkphp\tel\Runtime\Cache\Home\5fcf996fe49672e1c3c37387ec613a9b.php 第 85 行.
NOTIC: [8] Undefined index: createtime D:\wamp\www\thinkphp\tel\Runtime\Cache\Home\5fcf996fe49672e1c3c37387ec613a9b.php 第 86 行.
NOTIC: [8] Undefined index: uptime D:\wamp\www\thinkphp\tel\Runtime\Cache\Home\5fcf996fe49672e1c3c37387ec613a9b.php 第 96 行.
NOTIC: [8] Undefined index: card D:\wamp\www\thinkphp\tel\Runtime\Cache\Home\5fcf996fe49672e1c3c37387ec613a9b.php 第 85 行.
NOTIC: [8] Undefined index: createtime D:\wamp\www\thinkphp\tel\Runtime\Cache\Home\5fcf996fe49672e1c3c37387ec613a9b.php 第 86 行.
NOTIC: [8] Undefined index: uptime D:\wamp\www\thinkphp\tel\Runtime\Cache\Home\5fcf996fe49672e1c3c37387ec613a9b.php 第 96 行.
NOTIC: [8] Undefined index: card D:\wamp\www\thinkphp\tel\Runtime\Cache\Home\5fcf996fe49672e1c3c37387ec613a9b.php 第 85 行.
NOTIC: [8] Undefined index: createtime D:\wamp\www\thinkphp\tel\Runtime\Cache\Home\5fcf996fe49672e1c3c37387ec613a9b.php 第 86 行.
NOTIC: [8] Undefined index: uptime D:\wamp\www\thinkphp\tel\Runtime\Cache\Home\5fcf996fe49672e1c3c37387ec613a9b.php 第 96 行.
NOTIC: [8] Undefined index: card D:\wamp\www\thinkphp\tel\Runtime\Cache\Home\5fcf996fe49672e1c3c37387ec613a9b.php 第 85 行.
NOTIC: [8] Undefined index: createtime D:\wamp\www\thinkphp\tel\Runtime\Cache\Home\5fcf996fe49672e1c3c37387ec613a9b.php 第 86 行.
NOTIC: [8] Undefined index: uptime D:\wamp\www\thinkphp\tel\Runtime\Cache\Home\5fcf996fe49672e1c3c37387ec613a9b.php 第 96 行.
NOTIC: [8] Undefined index: card D:\wamp\www\thinkphp\tel\Runtime\Cache\Home\5fcf996fe49672e1c3c37387ec613a9b.php 第 85 行.
NOTIC: [8] Undefined index: createtime D:\wamp\www\thinkphp\tel\Runtime\Cache\Home\5fcf996fe49672e1c3c37387ec613a9b.php 第 86 行.
NOTIC: [8] Undefined index: uptime D:\wamp\www\thinkphp\tel\Runtime\Cache\Home\5fcf996fe49672e1c3c37387ec613a9b.php 第 96 行.
NOTIC: [8] Undefined index: card D:\wamp\www\thinkphp\tel\Runtime\Cache\Home\5fcf996fe49672e1c3c37387ec613a9b.php 第 85 行.
NOTIC: [8] Undefined index: createtime D:\wamp\www\thinkphp\tel\Runtime\Cache\Home\5fcf996fe49672e1c3c37387ec613a9b.php 第 86 行.
NOTIC: [8] Undefined index: uptime D:\wamp\www\thinkphp\tel\Runtime\Cache\Home\5fcf996fe49672e1c3c37387ec613a9b.php 第 96 行.
NOTIC: [8] Undefined index: card D:\wamp\www\thinkphp\tel\Runtime\Cache\Home\5fcf996fe49672e1c3c37387ec613a9b.php 第 85 行.
NOTIC: [8] Undefined index: createtime D:\wamp\www\thinkphp\tel\Runtime\Cache\Home\5fcf996fe49672e1c3c37387ec613a9b.php 第 86 行.
NOTIC: [8] Undefined index: uptime D:\wamp\www\thinkphp\tel\Runtime\Cache\Home\5fcf996fe49672e1c3c37387ec613a9b.php 第 96 行.
NOTIC: [8] Undefined index: card D:\wamp\www\thinkphp\tel\Runtime\Cache\Home\5fcf996fe49672e1c3c37387ec613a9b.php 第 85 行.
NOTIC: [8] Undefined index: createtime D:\wamp\www\thinkphp\tel\Runtime\Cache\Home\5fcf996fe49672e1c3c37387ec613a9b.php 第 86 行.
NOTIC: [8] Undefined index: uptime D:\wamp\www\thinkphp\tel\Runtime\Cache\Home\5fcf996fe49672e1c3c37387ec613a9b.php 第 96 行.
INFO: Run Behavior\ParseTemplateBehavior [ RunTime:0.027208s ]
INFO: [ view_parse ] --END-- [ RunTime:0.027337s ]
INFO: [ view_filter ] --START--
INFO: Run Behavior\WriteHtmlCacheBehavior [ RunTime:0.001112s ]
INFO: [ view_filter ] --END-- [ RunTime:0.001204s ]
INFO: [ app_end ] --START--
INFO: Run Behavior\ShowPageTraceBehavior [ RunTime:0.001128s ]
INFO: [ app_end ] --END-- [ RunTime:0.001213s ]

[ 2018-10-28T15:42:00+08:00 ] 127.0.0.1 /thinkphp/tel/index.php/Home/user/index.html
INFO: [ app_init ] --START--
INFO: Run Behavior\BuildLiteBehavior [ RunTime:0.000024s ]
INFO: [ app_init ] --END-- [ RunTime:0.000669s ]
INFO: [ app_begin ] --START--
INFO: Run Behavior\ReadHtmlCacheBehavior [ RunTime:0.000763s ]
INFO: [ app_begin ] --END-- [ RunTime:0.000859s ]
SQL: SHOW COLUMNS FROM `telbook_user` [ RunTime:0.0178s ]
NOTIC: [8] Undefined variable: map D:\wamp\www\thinkphp\tel\Home\Model\UserModel.class.php 第 61 行.
SQL: SHOW COLUMNS FROM `telbook_user` [ RunTime:0.0102s ]
SQL: SELECT `uid`,`realname`,u.status,u.cid,`dids`,`jids`,`gids`,g.title gtitle,`cname` FROM telbook_user u left join telbook_group g on u.gids = g.id left join telbook_company c on u.cid = c.cid  LIMIT 0,10   [ RunTime:0.0007s ]
SQL: SHOW COLUMNS FROM `telbook_department` [ RunTime:0.0087s ]
NOTIC: [8] Undefined variable: map D:\wamp\www\thinkphp\tel\Home\Model\UserModel.class.php 第 97 行.
SQL: SELECT * FROM `telbook_department`  [ RunTime:0.0006s ]
NOTIC: [8] Undefined index:  D:\wamp\www\thinkphp\tel\Home\Model\UserModel.class.php 第 82 行.
SQL: SHOW COLUMNS FROM `telbook_job` [ RunTime:0.0094s ]
NOTIC: [8] Undefined variable: map D:\wamp\www\thinkphp\tel\Home\Model\UserModel.class.php 第 97 行.
SQL: SELECT * FROM `telbook_job`  [ RunTime:0.0007s ]
NOTIC: [8] Undefined index:  D:\wamp\www\thinkphp\tel\Home\Model\UserModel.class.php 第 82 行.
NOTIC: [8] Undefined variable: map D:\wamp\www\thinkphp\tel\Home\Controller\UserController.class.php 第 22 行.
SQL: SHOW COLUMNS FROM `telbook_user` [ RunTime:0.0090s ]
SQL: SELECT COUNT(*) AS tp_count FROM `telbook_user` LIMIT 1   [ RunTime:0.0004s ]
INFO: [ view_parse ] --START--
INFO: [ template_filter ] --START--
INFO: Run Behavior\ContentReplaceBehavior [ RunTime:0.000098s ]
INFO: [ template_filter ] --END-- [ RunTime:0.000217s ]
NOTIC: [8] Undefined index: card D:\wamp\www\thinkphp\tel\Runtime\Cache\Home\5fcf996fe49672e1c3c37387ec613a9b.php 第 85 行.
NOTIC: [8] Undefined index: createtime D:\wamp\www\thinkphp\tel\Runtime\Cache\Home\5fcf996fe49672e1c3c37387ec613a9b.php 第 86 行.
NOTIC: [8] Undefined index: uptime D:\wamp\www\thinkphp\tel\Runtime\Cache\Home\5fcf996fe49672e1c3c37387ec613a9b.php 第 96 行.
INFO: Run Behavior\ParseTemplateBehavior [ RunTime:0.022102s ]
INFO: [ view_parse ] --END-- [ RunTime:0.022216s ]
INFO: [ view_filter ] --START--
INFO: Run Behavior\WriteHtmlCacheBehavior [ RunTime:0.000924s ]
INFO: [ view_filter ] --END-- [ RunTime:0.001026s ]
INFO: [ app_end ] --START--
INFO: Run Behavior\ShowPageTraceBehavior [ RunTime:0.001107s ]
INFO: [ app_end ] --END-- [ RunTime:0.001208s ]

[ 2018-10-28T15:42:11+08:00 ] 127.0.0.1 /thinkphp/tel/index.php/Home/index/delruntime.html
INFO: [ app_init ] --START--
INFO: Run Behavior\BuildLiteBehavior [ RunTime:0.000029s ]
INFO: [ app_init ] --END-- [ RunTime:0.000570s ]
INFO: [ app_begin ] --START--
INFO: Run Behavior\ReadHtmlCacheBehavior [ RunTime:0.000687s ]
INFO: [ app_begin ] --END-- [ RunTime:0.000817s ]
INFO: [ view_parse ] --START--
INFO: [ template_filter ] --START--
INFO: Run Behavior\ContentReplaceBehavior [ RunTime:0.000187s ]
INFO: [ template_filter ] --END-- [ RunTime:0.000484s ]
INFO: Run Behavior\ParseTemplateBehavior [ RunTime:0.028034s ]
INFO: [ view_parse ] --END-- [ RunTime:0.028606s ]
INFO: [ view_filter ] --START--
INFO: Run Behavior\WriteHtmlCacheBehavior [ RunTime:0.010406s ]
INFO: [ view_filter ] --END-- [ RunTime:0.010573s ]

[ 2018-10-28T15:42:12+08:00 ] 127.0.0.1 /thinkphp/tel/index.php/Home/Index/index.html
INFO: [ app_init ] --START--
INFO: Run Behavior\BuildLiteBehavior [ RunTime:0.000023s ]
INFO: [ app_init ] --END-- [ RunTime:0.000658s ]
INFO: [ app_begin ] --START--
INFO: Run Behavior\ReadHtmlCacheBehavior [ RunTime:0.001075s ]
INFO: [ app_begin ] --END-- [ RunTime:0.001203s ]
INFO: [ view_parse ] --START--
INFO: [ template_filter ] --START--
INFO: Run Behavior\ContentReplaceBehavior [ RunTime:0.000085s ]
INFO: [ template_filter ] --END-- [ RunTime:0.000192s ]
INFO: Run Behavior\ParseTemplateBehavior [ RunTime:0.014850s ]
INFO: [ view_parse ] --END-- [ RunTime:0.014987s ]
INFO: [ view_filter ] --START--
INFO: Run Behavior\WriteHtmlCacheBehavior [ RunTime:0.000559s ]
INFO: [ view_filter ] --END-- [ RunTime:0.000660s ]
INFO: [ app_end ] --START--
INFO: Run Behavior\ShowPageTraceBehavior [ RunTime:0.001159s ]
INFO: [ app_end ] --END-- [ RunTime:0.001266s ]

[ 2018-10-28T15:42:15+08:00 ] 127.0.0.1 /thinkphp/tel/index.php/Home/user/showlist.html
INFO: [ app_init ] --START--
INFO: Run Behavior\BuildLiteBehavior [ RunTime:0.000025s ]
INFO: [ app_init ] --END-- [ RunTime:0.000563s ]
INFO: [ app_begin ] --START--
INFO: Run Behavior\ReadHtmlCacheBehavior [ RunTime:0.000610s ]
INFO: [ app_begin ] --END-- [ RunTime:0.000716s ]
SQL: SHOW COLUMNS FROM `telbook_user` [ RunTime:0.0186s ]
NOTIC: [8] Undefined variable: search_map D:\wamp\www\thinkphp\tel\Home\Controller\UserController.class.php 第 44 行.
SQL: SHOW COLUMNS FROM `telbook_user` [ RunTime:0.0165s ]
SQL: SELECT COUNT(*) AS tp_count FROM `telbook_user` LIMIT 1   [ RunTime:0.0008s ]
SQL: SHOW COLUMNS FROM `telbook_department` [ RunTime:0.0076s ]
NOTIC: [8] Undefined variable: map D:\wamp\www\thinkphp\tel\Home\Model\UserModel.class.php 第 97 行.
SQL: SELECT * FROM `telbook_department`  [ RunTime:0.0006s ]
SQL: SHOW COLUMNS FROM `telbook_job` [ RunTime:0.0086s ]
NOTIC: [8] Undefined variable: map D:\wamp\www\thinkphp\tel\Home\Model\UserModel.class.php 第 97 行.
SQL: SELECT * FROM `telbook_job`  [ RunTime:0.0006s ]
NOTIC: [8] Undefined variable: search_map D:\wamp\www\thinkphp\tel\Home\Model\UserModel.class.php 第 148 行.
SQL: SELECT * FROM `telbook_user` ORDER BY uptime desc LIMIT 0,10   [ RunTime:0.0007s ]
SQL: SHOW COLUMNS FROM `telbook_tel` [ RunTime:0.0086s ]
SQL: SELECT `vtel`,`fulltel`,`otel`,`hometel`,`familytel`,`mail`,`uptime` FROM `telbook_tel` WHERE ( 1=1 AND uid='10' ) LIMIT 1   [ RunTime:0.0006s ]
NOTIC: [8] Undefined variable: map D:\wamp\www\thinkphp\tel\Home\Model\UserModel.class.php 第 97 行.
SQL: SELECT * FROM `telbook_department`  [ RunTime:0.0006s ]
NOTIC: [8] Undefined index:  D:\wamp\www\thinkphp\tel\Home\Model\UserModel.class.php 第 82 行.
NOTIC: [8] Undefined variable: map D:\wamp\www\thinkphp\tel\Home\Model\UserModel.class.php 第 97 行.
SQL: SELECT * FROM `telbook_job`  [ RunTime:0.0006s ]
NOTIC: [8] Undefined index:  D:\wamp\www\thinkphp\tel\Home\Model\UserModel.class.php 第 82 行.
INFO: [ view_parse ] --START--
INFO: [ template_filter ] --START--
INFO: Run Behavior\ContentReplaceBehavior [ RunTime:0.000176s ]
INFO: [ template_filter ] --END-- [ RunTime:0.000355s ]
INFO: Run Behavior\ParseTemplateBehavior [ RunTime:0.023265s ]
INFO: [ view_parse ] --END-- [ RunTime:0.023379s ]
INFO: [ view_filter ] --START--
INFO: Run Behavior\WriteHtmlCacheBehavior [ RunTime:0.000416s ]
INFO: [ view_filter ] --END-- [ RunTime:0.000504s ]
INFO: [ app_end ] --START--
INFO: Run Behavior\ShowPageTraceBehavior [ RunTime:0.001036s ]
INFO: [ app_end ] --END-- [ RunTime:0.001125s ]

[ 2018-10-28T15:45:07+08:00 ] 127.0.0.1 /thinkphp/tel/index.php/Home/user/index.html
INFO: [ app_init ] --START--
INFO: Run Behavior\BuildLiteBehavior [ RunTime:0.000028s ]
INFO: [ app_init ] --END-- [ RunTime:0.001839s ]
INFO: [ app_begin ] --START--
INFO: Run Behavior\ReadHtmlCacheBehavior [ RunTime:0.000878s ]
INFO: [ app_begin ] --END-- [ RunTime:0.000986s ]
SQL: SHOW COLUMNS FROM `telbook_user` [ RunTime:0.0193s ]
NOTIC: [8] Undefined variable: map D:\wamp\www\thinkphp\tel\Home\Model\UserModel.class.php 第 61 行.
SQL: SHOW COLUMNS FROM `telbook_user` [ RunTime:0.0152s ]
SQL: SELECT `uid`,`realname`,u.status,u.cid,`dids`,`jids`,`gids`,g.title gtitle,`cname` FROM telbook_user u left join telbook_group g on u.gids = g.id left join telbook_company c on u.cid = c.cid  LIMIT 0,10   [ RunTime:0.0009s ]
SQL: SHOW COLUMNS FROM `telbook_department` [ RunTime:0.0107s ]
NOTIC: [8] Undefined variable: map D:\wamp\www\thinkphp\tel\Home\Model\UserModel.class.php 第 97 行.
SQL: SELECT * FROM `telbook_department`  [ RunTime:0.0009s ]
NOTIC: [8] Undefined index:  D:\wamp\www\thinkphp\tel\Home\Model\UserModel.class.php 第 82 行.
SQL: SHOW COLUMNS FROM `telbook_job` [ RunTime:0.0104s ]
NOTIC: [8] Undefined variable: map D:\wamp\www\thinkphp\tel\Home\Model\UserModel.class.php 第 97 行.
SQL: SELECT * FROM `telbook_job`  [ RunTime:0.0006s ]
NOTIC: [8] Undefined index:  D:\wamp\www\thinkphp\tel\Home\Model\UserModel.class.php 第 82 行.
NOTIC: [8] Undefined variable: map D:\wamp\www\thinkphp\tel\Home\Controller\UserController.class.php 第 22 行.
SQL: SHOW COLUMNS FROM `telbook_user` [ RunTime:0.0088s ]
SQL: SELECT COUNT(*) AS tp_count FROM `telbook_user` LIMIT 1   [ RunTime:0.0004s ]
INFO: [ view_parse ] --START--
INFO: [ template_filter ] --START--
INFO: Run Behavior\ContentReplaceBehavior [ RunTime:0.000102s ]
INFO: [ template_filter ] --END-- [ RunTime:0.000216s ]
NOTIC: [8] Undefined index: card D:\wamp\www\thinkphp\tel\Runtime\Cache\Home\5fcf996fe49672e1c3c37387ec613a9b.php 第 85 行.
NOTIC: [8] Undefined index: createtime D:\wamp\www\thinkphp\tel\Runtime\Cache\Home\5fcf996fe49672e1c3c37387ec613a9b.php 第 86 行.
NOTIC: [8] Undefined index: uptime D:\wamp\www\thinkphp\tel\Runtime\Cache\Home\5fcf996fe49672e1c3c37387ec613a9b.php 第 96 行.
INFO: Run Behavior\ParseTemplateBehavior [ RunTime:0.022614s ]
INFO: [ view_parse ] --END-- [ RunTime:0.022742s ]
INFO: [ view_filter ] --START--
INFO: Run Behavior\WriteHtmlCacheBehavior [ RunTime:0.000770s ]
INFO: [ view_filter ] --END-- [ RunTime:0.000877s ]
INFO: [ app_end ] --START--
INFO: Run Behavior\ShowPageTraceBehavior [ RunTime:0.001168s ]
INFO: [ app_end ] --END-- [ RunTime:0.001281s ]

[ 2018-10-28T15:45:11+08:00 ] 127.0.0.1 /thinkphp/tel/index.php/Home/user/showlist.html
INFO: [ app_init ] --START--
INFO: Run Behavior\BuildLiteBehavior [ RunTime:0.000024s ]
INFO: [ app_init ] --END-- [ RunTime:0.000493s ]
INFO: [ app_begin ] --START--
INFO: Run Behavior\ReadHtmlCacheBehavior [ RunTime:0.000621s ]
INFO: [ app_begin ] --END-- [ RunTime:0.000714s ]
SQL: SHOW COLUMNS FROM `telbook_user` [ RunTime:0.0193s ]
NOTIC: [8] Undefined variable: search_map D:\wamp\www\thinkphp\tel\Home\Controller\UserController.class.php 第 44 行.
SQL: SHOW COLUMNS FROM `telbook_user` [ RunTime:0.0113s ]
SQL: SELECT COUNT(*) AS tp_count FROM `telbook_user` LIMIT 1   [ RunTime:0.0005s ]
SQL: SHOW COLUMNS FROM `telbook_department` [ RunTime:0.0121s ]
NOTIC: [8] Undefined variable: map D:\wamp\www\thinkphp\tel\Home\Model\UserModel.class.php 第 97 行.
SQL: SELECT * FROM `telbook_department`  [ RunTime:0.0010s ]
SQL: SHOW COLUMNS FROM `telbook_job` [ RunTime:0.0082s ]
NOTIC: [8] Undefined variable: map D:\wamp\www\thinkphp\tel\Home\Model\UserModel.class.php 第 97 行.
SQL: SELECT * FROM `telbook_job`  [ RunTime:0.0006s ]
NOTIC: [8] Undefined variable: search_map D:\wamp\www\thinkphp\tel\Home\Model\UserModel.class.php 第 148 行.
SQL: SELECT * FROM `telbook_user` ORDER BY uptime desc LIMIT 0,10   [ RunTime:0.0006s ]
SQL: SHOW COLUMNS FROM `telbook_tel` [ RunTime:0.0087s ]
SQL: SELECT `vtel`,`fulltel`,`otel`,`hometel`,`familytel`,`mail`,`uptime` FROM `telbook_tel` WHERE ( 1=1 AND uid='10' ) LIMIT 1   [ RunTime:0.0006s ]
NOTIC: [8] Undefined variable: map D:\wamp\www\thinkphp\tel\Home\Model\UserModel.class.php 第 97 行.
SQL: SELECT * FROM `telbook_department`  [ RunTime:0.0005s ]
NOTIC: [8] Undefined index:  D:\wamp\www\thinkphp\tel\Home\Model\UserModel.class.php 第 82 行.
NOTIC: [8] Undefined variable: map D:\wamp\www\thinkphp\tel\Home\Model\UserModel.class.php 第 97 行.
SQL: SELECT * FROM `telbook_job`  [ RunTime:0.0005s ]
NOTIC: [8] Undefined index:  D:\wamp\www\thinkphp\tel\Home\Model\UserModel.class.php 第 82 行.
INFO: [ view_parse ] --START--
INFO: [ template_filter ] --START--
INFO: Run Behavior\ContentReplaceBehavior [ RunTime:0.000112s ]
INFO: [ template_filter ] --END-- [ RunTime:0.000248s ]
INFO: Run Behavior\ParseTemplateBehavior [ RunTime:0.027293s ]
INFO: [ view_parse ] --END-- [ RunTime:0.027409s ]
INFO: [ view_filter ] --START--
INFO: Run Behavior\WriteHtmlCacheBehavior [ RunTime:0.000461s ]
INFO: [ view_filter ] --END-- [ RunTime:0.000559s ]
INFO: [ app_end ] --START--
INFO: Run Behavior\ShowPageTraceBehavior [ RunTime:0.001117s ]
INFO: [ app_end ] --END-- [ RunTime:0.001227s ]

[ 2018-10-28T15:45:14+08:00 ] 127.0.0.1 /thinkphp/tel/index.php/Home/message/showmessagelog.html
INFO: [ app_init ] --START--
INFO: Run Behavior\BuildLiteBehavior [ RunTime:0.000024s ]
INFO: [ app_init ] --END-- [ RunTime:0.000508s ]
INFO: [ app_begin ] --START--
INFO: Run Behavior\ReadHtmlCacheBehavior [ RunTime:0.000603s ]
INFO: [ app_begin ] --END-- [ RunTime:0.000706s ]
SQL: SHOW COLUMNS FROM `telbook_messagelog` [ RunTime:0.0158s ]
SQL: SELECT * FROM `telbook_messagelog` WHERE `cid` = 1 ORDER BY id desc  [ RunTime:0.0021s ]
INFO: [ view_parse ] --START--
INFO: [ template_filter ] --START--
INFO: Run Behavior\ContentReplaceBehavior [ RunTime:0.000103s ]
INFO: [ template_filter ] --END-- [ RunTime:0.000244s ]
INFO: Run Behavior\ParseTemplateBehavior [ RunTime:0.026931s ]
INFO: [ view_parse ] --END-- [ RunTime:0.027081s ]
INFO: [ view_filter ] --START--
INFO: Run Behavior\WriteHtmlCacheBehavior [ RunTime:0.000419s ]
INFO: [ view_filter ] --END-- [ RunTime:0.000515s ]
INFO: [ app_end ] --START--
INFO: Run Behavior\ShowPageTraceBehavior [ RunTime:0.001135s ]
INFO: [ app_end ] --END-- [ RunTime:0.001238s ]

[ 2018-10-28T15:45:25+08:00 ] 127.0.0.1 /thinkphp/tel/index.php/Home/index/delruntime.html
INFO: [ app_init ] --START--
INFO: Run Behavior\BuildLiteBehavior [ RunTime:0.000023s ]
INFO: [ app_init ] --END-- [ RunTime:0.000625s ]
INFO: [ app_begin ] --START--
INFO: Run Behavior\ReadHtmlCacheBehavior [ RunTime:0.000906s ]
INFO: [ app_begin ] --END-- [ RunTime:0.001073s ]
INFO: [ view_parse ] --START--
INFO: [ template_filter ] --START--
INFO: Run Behavior\ContentReplaceBehavior [ RunTime:0.000117s ]
INFO: [ template_filter ] --END-- [ RunTime:0.000322s ]
INFO: Run Behavior\ParseTemplateBehavior [ RunTime:0.037872s ]
INFO: [ view_parse ] --END-- [ RunTime:0.038206s ]
INFO: [ view_filter ] --START--
INFO: Run Behavior\WriteHtmlCacheBehavior [ RunTime:0.002130s ]
INFO: [ view_filter ] --END-- [ RunTime:0.002432s ]

[ 2018-10-28T15:45:27+08:00 ] 127.0.0.1 /thinkphp/tel/index.php/Home/Index/index.html
INFO: [ app_init ] --START--
INFO: Run Behavior\BuildLiteBehavior [ RunTime:0.000027s ]
INFO: [ app_init ] --END-- [ RunTime:0.001617s ]
INFO: [ app_begin ] --START--
INFO: Run Behavior\ReadHtmlCacheBehavior [ RunTime:0.000855s ]
INFO: [ app_begin ] --END-- [ RunTime:0.000989s ]
INFO: [ view_parse ] --START--
INFO: [ template_filter ] --START--
INFO: Run Behavior\ContentReplaceBehavior [ RunTime:0.000092s ]
INFO: [ template_filter ] --END-- [ RunTime:0.000211s ]
INFO: Run Behavior\ParseTemplateBehavior [ RunTime:0.018111s ]
INFO: [ view_parse ] --END-- [ RunTime:0.018256s ]
INFO: [ view_filter ] --START--
INFO: Run Behavior\WriteHtmlCacheBehavior [ RunTime:0.000567s ]
INFO: [ view_filter ] --END-- [ RunTime:0.000688s ]
INFO: [ app_end ] --START--
INFO: Run Behavior\ShowPageTraceBehavior [ RunTime:0.001241s ]
INFO: [ app_end ] --END-- [ RunTime:0.001342s ]

[ 2018-10-28T15:47:01+08:00 ] 127.0.0.1 /thinkphp/tel/index.php/Home/user/showlist.html
INFO: [ app_init ] --START--
INFO: Run Behavior\BuildLiteBehavior [ RunTime:0.000058s ]
INFO: [ app_init ] --END-- [ RunTime:0.000730s ]
INFO: [ app_begin ] --START--
INFO: Run Behavior\ReadHtmlCacheBehavior [ RunTime:0.000710s ]
INFO: [ app_begin ] --END-- [ RunTime:0.000814s ]
SQL: SHOW COLUMNS FROM `telbook_user` [ RunTime:0.0213s ]
NOTIC: [8] Undefined variable: search_map D:\wamp\www\thinkphp\tel\Home\Controller\UserController.class.php 第 44 行.
SQL: SHOW COLUMNS FROM `telbook_user` [ RunTime:0.0158s ]
SQL: SELECT COUNT(*) AS tp_count FROM `telbook_user` LIMIT 1   [ RunTime:0.0011s ]
SQL: SHOW COLUMNS FROM `telbook_department` [ RunTime:0.0092s ]
NOTIC: [8] Undefined variable: map D:\wamp\www\thinkphp\tel\Home\Model\UserModel.class.php 第 97 行.
SQL: SELECT * FROM `telbook_department`  [ RunTime:0.0007s ]
SQL: SHOW COLUMNS FROM `telbook_job` [ RunTime:0.0086s ]
NOTIC: [8] Undefined variable: map D:\wamp\www\thinkphp\tel\Home\Model\UserModel.class.php 第 97 行.
SQL: SELECT * FROM `telbook_job`  [ RunTime:0.0006s ]
NOTIC: [8] Undefined variable: search_map D:\wamp\www\thinkphp\tel\Home\Model\UserModel.class.php 第 148 行.
SQL: SELECT * FROM `telbook_user` ORDER BY uptime desc LIMIT 0,10   [ RunTime:0.0007s ]
SQL: SHOW COLUMNS FROM `telbook_tel` [ RunTime:0.0077s ]
SQL: SELECT `vtel`,`fulltel`,`otel`,`hometel`,`familytel`,`mail`,`uptime` FROM `telbook_tel` WHERE ( 1=1 AND uid='10' ) LIMIT 1   [ RunTime:0.0005s ]
NOTIC: [8] Undefined variable: map D:\wamp\www\thinkphp\tel\Home\Model\UserModel.class.php 第 97 行.
SQL: SELECT * FROM `telbook_department`  [ RunTime:0.0006s ]
NOTIC: [8] Undefined index:  D:\wamp\www\thinkphp\tel\Home\Model\UserModel.class.php 第 82 行.
NOTIC: [8] Undefined variable: map D:\wamp\www\thinkphp\tel\Home\Model\UserModel.class.php 第 97 行.
SQL: SELECT * FROM `telbook_job`  [ RunTime:0.0005s ]
NOTIC: [8] Undefined index:  D:\wamp\www\thinkphp\tel\Home\Model\UserModel.class.php 第 82 行.
INFO: [ view_parse ] --START--
INFO: [ template_filter ] --START--
INFO: Run Behavior\ContentReplaceBehavior [ RunTime:0.000139s ]
INFO: [ template_filter ] --END-- [ RunTime:0.000279s ]
INFO: Run Behavior\ParseTemplateBehavior [ RunTime:0.027151s ]
INFO: [ view_parse ] --END-- [ RunTime:0.027269s ]
INFO: [ view_filter ] --START--
INFO: Run Behavior\WriteHtmlCacheBehavior [ RunTime:0.000442s ]
INFO: [ view_filter ] --END-- [ RunTime:0.000533s ]
INFO: [ app_end ] --START--
INFO: Run Behavior\ShowPageTraceBehavior [ RunTime:0.001078s ]
INFO: [ app_end ] --END-- [ RunTime:0.001170s ]

[ 2018-10-28T15:48:17+08:00 ] 127.0.0.1 /thinkphp/tel/index.php/Home/index/delruntime.html
INFO: [ app_init ] --START--
INFO: Run Behavior\BuildLiteBehavior [ RunTime:0.000025s ]
INFO: [ app_init ] --END-- [ RunTime:0.000743s ]
INFO: [ app_begin ] --START--
INFO: Run Behavior\ReadHtmlCacheBehavior [ RunTime:0.000803s ]
INFO: [ app_begin ] --END-- [ RunTime:0.000932s ]
INFO: [ view_parse ] --START--
INFO: [ template_filter ] --START--
INFO: Run Behavior\ContentReplaceBehavior [ RunTime:0.000078s ]
INFO: [ template_filter ] --END-- [ RunTime:0.000184s ]
INFO: Run Behavior\ParseTemplateBehavior [ RunTime:0.011072s ]
INFO: [ view_parse ] --END-- [ RunTime:0.011230s ]
INFO: [ view_filter ] --START--
INFO: Run Behavior\WriteHtmlCacheBehavior [ RunTime:0.000735s ]
INFO: [ view_filter ] --END-- [ RunTime:0.000836s ]

[ 2018-10-28T15:48:18+08:00 ] 127.0.0.1 /thinkphp/tel/index.php/Home/Index/index.html
INFO: [ app_init ] --START--
INFO: Run Behavior\BuildLiteBehavior [ RunTime:0.000029s ]
INFO: [ app_init ] --END-- [ RunTime:0.000922s ]
INFO: [ app_begin ] --START--
INFO: Run Behavior\ReadHtmlCacheBehavior [ RunTime:0.000908s ]
INFO: [ app_begin ] --END-- [ RunTime:0.001029s ]
INFO: [ view_parse ] --START--
INFO: [ template_filter ] --START--
INFO: Run Behavior\ContentReplaceBehavior [ RunTime:0.000103s ]
INFO: [ template_filter ] --END-- [ RunTime:0.000216s ]
INFO: Run Behavior\ParseTemplateBehavior [ RunTime:0.014857s ]
INFO: [ view_parse ] --END-- [ RunTime:0.014974s ]
INFO: [ view_filter ] --START--
INFO: Run Behavior\WriteHtmlCacheBehavior [ RunTime:0.000494s ]
INFO: [ view_filter ] --END-- [ RunTime:0.000595s ]
INFO: [ app_end ] --START--
INFO: Run Behavior\ShowPageTraceBehavior [ RunTime:0.001156s ]
INFO: [ app_end ] --END-- [ RunTime:0.001262s ]

[ 2018-10-28T15:49:48+08:00 ] 127.0.0.1 /thinkphp/tel/index.php/Home/Importrules/index.html
INFO: [ app_init ] --START--
INFO: Run Behavior\BuildLiteBehavior [ RunTime:0.000024s ]
INFO: [ app_init ] --END-- [ RunTime:0.000478s ]
INFO: [ app_begin ] --START--
INFO: Run Behavior\ReadHtmlCacheBehavior [ RunTime:0.000586s ]
INFO: [ app_begin ] --END-- [ RunTime:0.000686s ]
INFO: [ view_parse ] --START--
INFO: [ template_filter ] --START--
INFO: Run Behavior\ContentReplaceBehavior [ RunTime:0.000153s ]
INFO: [ template_filter ] --END-- [ RunTime:0.000371s ]
INFO: Run Behavior\ParseTemplateBehavior [ RunTime:0.030731s ]
INFO: [ view_parse ] --END-- [ RunTime:0.030945s ]
INFO: [ view_filter ] --START--
INFO: Run Behavior\WriteHtmlCacheBehavior [ RunTime:0.000738s ]
INFO: [ view_filter ] --END-- [ RunTime:0.000897s ]
INFO: [ app_end ] --START--
INFO: Run Behavior\ShowPageTraceBehavior [ RunTime:0.001954s ]
INFO: [ app_end ] --END-- [ RunTime:0.002135s ]

[ 2018-10-28T15:49:56+08:00 ] 127.0.0.1 /thinkphp/tel/index.php/Home/Importrules/index/do/1.html
INFO: [ app_init ] --START--
INFO: Run Behavior\BuildLiteBehavior [ RunTime:0.000024s ]
INFO: [ app_init ] --END-- [ RunTime:0.001013s ]
INFO: [ app_begin ] --START--
INFO: Run Behavior\ReadHtmlCacheBehavior [ RunTime:0.001044s ]
INFO: [ app_begin ] --END-- [ RunTime:0.001189s ]
SQL: SHOW COLUMNS FROM `telbook_rule` [ RunTime:0.0173s ]
SQL: SELECT * FROM `telbook_rule` WHERE ( name="Home/Company/index" )  [ RunTime:0.0012s ]
SQL: UPDATE `telbook_rule` SET `name`='Home/Company/index',`title`='企业列表管理首页' WHERE ( name="Home/Company/index" ) [ RunTime:0.0005s ]
SQL: SELECT * FROM `telbook_rule` WHERE ( name="Home/Company/add" )  [ RunTime:0.0005s ]
SQL: UPDATE `telbook_rule` SET `name`='Home/Company/add',`title`='添加企业' WHERE ( name="Home/Company/add" ) [ RunTime:0.0004s ]
SQL: SELECT * FROM `telbook_rule` WHERE ( name="Home/Company/edit" )  [ RunTime:0.0005s ]
SQL: UPDATE `telbook_rule` SET `name`='Home/Company/edit',`title`='修改企业' WHERE ( name="Home/Company/edit" ) [ RunTime:0.0004s ]
SQL: SELECT * FROM `telbook_rule` WHERE ( name="Home/Company/message" )  [ RunTime:0.0006s ]
SQL: UPDATE `telbook_rule` SET `name`='Home/Company/message',`title`='添加短信' WHERE ( name="Home/Company/message" ) [ RunTime:0.0004s ]
SQL: SELECT * FROM `telbook_rule` WHERE ( name="Home/Company/del" )  [ RunTime:0.0005s ]
SQL: UPDATE `telbook_rule` SET `name`='Home/Company/del',`title`='删除企业' WHERE ( name="Home/Company/del" ) [ RunTime:0.0004s ]
SQL: SELECT * FROM `telbook_rule` WHERE ( name="Home/Department/index" )  [ RunTime:0.0007s ]
SQL: UPDATE `telbook_rule` SET `name`='Home/Department/index',`title`='部门列表首页' WHERE ( name="Home/Department/index" ) [ RunTime:0.0005s ]
SQL: SELECT * FROM `telbook_rule` WHERE ( name="Home/Department/add" )  [ RunTime:0.0006s ]
SQL: UPDATE `telbook_rule` SET `name`='Home/Department/add',`title`='添加部门' WHERE ( name="Home/Department/add" ) [ RunTime:0.0004s ]
SQL: SELECT * FROM `telbook_rule` WHERE ( name="Home/Department/edit" )  [ RunTime:0.0005s ]
SQL: UPDATE `telbook_rule` SET `name`='Home/Department/edit',`title`='修改部门' WHERE ( name="Home/Department/edit" ) [ RunTime:0.0006s ]
SQL: SELECT * FROM `telbook_rule` WHERE ( name="Home/Department/del" )  [ RunTime:0.0006s ]
SQL: UPDATE `telbook_rule` SET `name`='Home/Department/del',`title`='删除部门' WHERE ( name="Home/Department/del" ) [ RunTime:0.0007s ]
SQL: SELECT * FROM `telbook_rule` WHERE ( name="Home/Excel/writeexcel" )  [ RunTime:0.0006s ]
SQL: UPDATE `telbook_rule` SET `name`='Home/Excel/writeexcel',`title`='导入excel数据' WHERE ( name="Home/Excel/writeexcel" ) [ RunTime:0.0004s ]
SQL: SELECT * FROM `telbook_rule` WHERE ( name="Home/Excel/readexcel" )  [ RunTime:0.0005s ]
SQL: UPDATE `telbook_rule` SET `name`='Home/Excel/readexcel',`title`='导出excel数据' WHERE ( name="Home/Excel/readexcel" ) [ RunTime:0.0004s ]
SQL: SELECT * FROM `telbook_rule` WHERE ( name="Home/Group/index" )  [ RunTime:0.0005s ]
SQL: UPDATE `telbook_rule` SET `name`='Home/Group/index',`title`='用户组首页' WHERE ( name="Home/Group/index" ) [ RunTime:0.0006s ]
SQL: SELECT * FROM `telbook_rule` WHERE ( name="Home/Group/add" )  [ RunTime:0.0006s ]
SQL: UPDATE `telbook_rule` SET `name`='Home/Group/add',`title`='添加用户组' WHERE ( name="Home/Group/add" ) [ RunTime:0.0004s ]
SQL: SELECT * FROM `telbook_rule` WHERE ( name="Home/Group/edit" )  [ RunTime:0.0005s ]
SQL: UPDATE `telbook_rule` SET `name`='Home/Group/edit',`title`='修改用户组' WHERE ( name="Home/Group/edit" ) [ RunTime:0.0004s ]
SQL: SELECT * FROM `telbook_rule` WHERE ( name="Home/Group/del" )  [ RunTime:0.0005s ]
SQL: UPDATE `telbook_rule` SET `name`='Home/Group/del',`title`='删除用户组' WHERE ( name="Home/Group/del" ) [ RunTime:0.0004s ]
SQL: SELECT * FROM `telbook_rule` WHERE ( name="Home/Importrules/index" )  [ RunTime:0.0007s ]
SQL: UPDATE `telbook_rule` SET `name`='Home/Importrules/index',`title`='导入权限节点' WHERE ( name="Home/Importrules/index" ) [ RunTime:0.0005s ]
SQL: SELECT * FROM `telbook_rule` WHERE ( name="Home/Index/index" )  [ RunTime:0.0005s ]
SQL: UPDATE `telbook_rule` SET `name`='Home/Index/index',`title`='登陆后台首页' WHERE ( name="Home/Index/index" ) [ RunTime:0.0004s ]
SQL: SELECT * FROM `telbook_rule` WHERE ( name="Home/Index/delruntime" )  [ RunTime:0.0005s ]
SQL: UPDATE `telbook_rule` SET `name`='Home/Index/delruntime',`title`='清除缓存' WHERE ( name="Home/Index/delruntime" ) [ RunTime:0.0003s ]
SQL: SELECT * FROM `telbook_rule` WHERE ( name="Home/Job/index" )  [ RunTime:0.0004s ]
SQL: UPDATE `telbook_rule` SET `name`='Home/Job/index',`title`='职务列表首页' WHERE ( name="Home/Job/index" ) [ RunTime:0.0003s ]
SQL: SELECT * FROM `telbook_rule` WHERE ( name="Home/Job/add" )  [ RunTime:0.0005s ]
SQL: UPDATE `telbook_rule` SET `name`='Home/Job/add',`title`='添加职务' WHERE ( name="Home/Job/add" ) [ RunTime:0.0003s ]
SQL: SELECT * FROM `telbook_rule` WHERE ( name="Home/Job/edit" )  [ RunTime:0.0004s ]
SQL: UPDATE `telbook_rule` SET `name`='Home/Job/edit',`title`='修改职务' WHERE ( name="Home/Job/edit" ) [ RunTime:0.0003s ]
SQL: SELECT * FROM `telbook_rule` WHERE ( name="Home/Job/del" )  [ RunTime:0.0004s ]
SQL: UPDATE `telbook_rule` SET `name`='Home/Job/del',`title`='删除职务' WHERE ( name="Home/Job/del" ) [ RunTime:0.0003s ]
SQL: SELECT * FROM `telbook_rule` WHERE ( name="Home/Message/savelist" )  [ RunTime:0.0004s ]
SQL: UPDATE `telbook_rule` SET `name`='Home/Message/savelist',`title`='保存发送列表' WHERE ( name="Home/Message/savelist" ) [ RunTime:0.0003s ]
SQL: SELECT * FROM `telbook_rule` WHERE ( name="Home/Message/getlist" )  [ RunTime:0.0004s ]
SQL: UPDATE `telbook_rule` SET `name`='Home/Message/getlist',`title`='准备发送短信' WHERE ( name="Home/Message/getlist" ) [ RunTime:0.0003s ]
SQL: SELECT * FROM `telbook_rule` WHERE ( name="Home/Message/dellist" )  [ RunTime:0.0004s ]
SQL: UPDATE `telbook_rule` SET `name`='Home/Message/dellist',`title`='删除发送列表' WHERE ( name="Home/Message/dellist" ) [ RunTime:0.0005s ]
SQL: SELECT * FROM `telbook_rule` WHERE ( name="Home/Message/showmessagelog" )  [ RunTime:0.0004s ]
SQL: UPDATE `telbook_rule` SET `name`='Home/Message/showmessagelog',`title`='显示日志列表' WHERE ( name="Home/Message/showmessagelog" ) [ RunTime:0.0003s ]
SQL: SELECT * FROM `telbook_rule` WHERE ( name="Home/Message/sendmessage" )  [ RunTime:0.0006s ]
SQL: UPDATE `telbook_rule` SET `name`='Home/Message/sendmessage',`title`='发送短信' WHERE ( name="Home/Message/sendmessage" ) [ RunTime:0.0005s ]
SQL: SELECT * FROM `telbook_rule` WHERE ( name="Home/User/index" )  [ RunTime:0.0006s ]
SQL: UPDATE `telbook_rule` SET `name`='Home/User/index',`title`='用户管理首页' WHERE ( name="Home/User/index" ) [ RunTime:0.0004s ]
SQL: SELECT * FROM `telbook_rule` WHERE ( name="Home/User/showlist" )  [ RunTime:0.0004s ]
SQL: UPDATE `telbook_rule` SET `name`='Home/User/showlist',`title`='通讯录' WHERE ( name="Home/User/showlist" ) [ RunTime:0.0004s ]
SQL: SELECT * FROM `telbook_rule` WHERE ( name="Home/User/savelist" )  [ RunTime:0.0004s ]
SQL: UPDATE `telbook_rule` SET `name`='Home/User/savelist',`title`='保存发送列表' WHERE ( name="Home/User/savelist" ) [ RunTime:0.0003s ]
SQL: SELECT * FROM `telbook_rule` WHERE ( name="Home/User/getlist" )  [ RunTime:0.0004s ]
SQL: UPDATE `telbook_rule` SET `name`='Home/User/getlist',`title`='准备发送短信' WHERE ( name="Home/User/getlist" ) [ RunTime:0.0003s ]
SQL: SELECT * FROM `telbook_rule` WHERE ( name="Home/User/dellist" )  [ RunTime:0.0005s ]
SQL: UPDATE `telbook_rule` SET `name`='Home/User/dellist',`title`='删除发送列表' WHERE ( name="Home/User/dellist" ) [ RunTime:0.0003s ]
SQL: SELECT * FROM `telbook_rule` WHERE ( name="Home/User/showmessagelog" )  [ RunTime:0.0004s ]
SQL: UPDATE `telbook_rule` SET `name`='Home/User/showmessagelog',`title`='显示日志列表' WHERE ( name="Home/User/showmessagelog" ) [ RunTime:0.0003s ]
SQL: SELECT * FROM `telbook_rule` WHERE ( name="Home/User/messagelog" )  [ RunTime:0.0004s ]
SQL: UPDATE `telbook_rule` SET `name`='Home/User/messagelog',`title`='短信发送日志' WHERE ( name="Home/User/messagelog" ) [ RunTime:0.0003s ]
SQL: SELECT * FROM `telbook_rule` WHERE ( name="Home/User/sendmessage" )  [ RunTime:0.0004s ]
SQL: UPDATE `telbook_rule` SET `name`='Home/User/sendmessage',`title`='发送短信' WHERE ( name="Home/User/sendmessage" ) [ RunTime:0.0003s ]
SQL: SELECT * FROM `telbook_rule` WHERE ( name="Home/User/sendpost" )  [ RunTime:0.0004s ]
SQL: UPDATE `telbook_rule` SET `name`='Home/User/sendpost',`title`='发送post' WHERE ( name="Home/User/sendpost" ) [ RunTime:0.0004s ]
SQL: SELECT * FROM `telbook_rule` WHERE ( name="Home/User/add" )  [ RunTime:0.0004s ]
SQL: UPDATE `telbook_rule` SET `name`='Home/User/add',`title`='添加用户' WHERE ( name="Home/User/add" ) [ RunTime:0.0004s ]
SQL: SELECT * FROM `telbook_rule` WHERE ( name="Home/User/department" )  [ RunTime:0.0004s ]
SQL: UPDATE `telbook_rule` SET `name`='Home/User/department',`title`='设置用户所属部门' WHERE ( name="Home/User/department" ) [ RunTime:0.0004s ]
SQL: SELECT * FROM `telbook_rule` WHERE ( name="Home/User/job" )  [ RunTime:0.0005s ]
SQL: UPDATE `telbook_rule` SET `name`='Home/User/job',`title`='设置用户所属职位' WHERE ( name="Home/User/job" ) [ RunTime:0.0007s ]
SQL: SELECT * FROM `telbook_rule` WHERE ( name="Home/User/edit" )  [ RunTime:0.0005s ]
SQL: UPDATE `telbook_rule` SET `name`='Home/User/edit',`title`='修改用户' WHERE ( name="Home/User/edit" ) [ RunTime:0.0003s ]
SQL: SELECT * FROM `telbook_rule` WHERE ( name="Home/User/del" )  [ RunTime:0.0005s ]
SQL: UPDATE `telbook_rule` SET `name`='Home/User/del',`title`='删除用户' WHERE ( name="Home/User/del" ) [ RunTime:0.0004s ]
SQL: SELECT * FROM `telbook_rule` WHERE ( name="Home/User/delpage" )  [ RunTime:0.0004s ]
SQL: UPDATE `telbook_rule` SET `name`='Home/User/delpage',`title`='删除本页' WHERE ( name="Home/User/delpage" ) [ RunTime:0.0004s ]
SQL: SELECT * FROM `telbook_rule` WHERE ( name="Home/User/delall" )  [ RunTime:0.0004s ]
SQL: UPDATE `telbook_rule` SET `name`='Home/User/delall',`title`='全部删除' WHERE ( name="Home/User/delall" ) [ RunTime:0.0005s ]
SQL: SELECT COUNT(*) AS tp_count FROM `telbook_rule` WHERE `name` NOT IN ('Home/Company/index','Home/Company/add','Home/Company/edit','Home/Company/message','Home/Company/del','Home/Department/index','Home/Department/add','Home/Department/edit','Home/Department/del','Home/Excel/writeexcel','Home/Excel/readexcel','Home/Group/index','Home/Group/add','Home/Group/edit','Home/Group/del','Home/Importrules/index','Home/Index/index','Home/Index/delruntime','Home/Job/index','Home/Job/add','Home/Job/edit','Home/Job/del','Home/Message/savelist','Home/Message/getlist','Home/Message/dellist','Home/Message/showmessagelog','Home/Message/sendmessage','Home/User/index','Home/User/showlist','Home/User/savelist','Home/User/getlist','Home/User/dellist','Home/User/showmessagelog','Home/User/messagelog','Home/User/sendmessage','Home/User/sendpost','Home/User/add','Home/User/department','Home/User/job','Home/User/edit','Home/User/del','Home/User/delpage','Home/User/delall') LIMIT 1   [ RunTime:0.0795s ]
INFO: [ view_parse ] --START--
INFO: [ template_filter ] --START--
INFO: Run Behavior\ContentReplaceBehavior [ RunTime:0.000080s ]
INFO: [ template_filter ] --END-- [ RunTime:0.000201s ]
INFO: Run Behavior\ParseTemplateBehavior [ RunTime:0.010223s ]
INFO: [ view_parse ] --END-- [ RunTime:0.010343s ]
INFO: [ view_filter ] --START--
INFO: Run Behavior\WriteHtmlCacheBehavior [ RunTime:0.000876s ]
INFO: [ view_filter ] --END-- [ RunTime:0.000981s ]
INFO: [ app_end ] --START--
INFO: Run Behavior\ShowPageTraceBehavior [ RunTime:0.001199s ]
INFO: [ app_end ] --END-- [ RunTime:0.001300s ]

[ 2018-10-28T15:49:57+08:00 ] 127.0.0.1 /thinkphp/tel/index.php/Home/Importrules/index.html
INFO: [ app_init ] --START--
INFO: Run Behavior\BuildLiteBehavior [ RunTime:0.000026s ]
INFO: [ app_init ] --END-- [ RunTime:0.000490s ]
INFO: [ app_begin ] --START--
INFO: Run Behavior\ReadHtmlCacheBehavior [ RunTime:0.000931s ]
INFO: [ app_begin ] --END-- [ RunTime:0.001038s ]
INFO: [ view_parse ] --START--
INFO: [ template_filter ] --START--
INFO: Run Behavior\ContentReplaceBehavior [ RunTime:0.000092s ]
INFO: [ template_filter ] --END-- [ RunTime:0.000209s ]
INFO: Run Behavior\ParseTemplateBehavior [ RunTime:0.020652s ]
INFO: [ view_parse ] --END-- [ RunTime:0.020795s ]
INFO: [ view_filter ] --START--
INFO: Run Behavior\WriteHtmlCacheBehavior [ RunTime:0.000880s ]
INFO: [ view_filter ] --END-- [ RunTime:0.000975s ]
INFO: [ app_end ] --START--
INFO: Run Behavior\ShowPageTraceBehavior [ RunTime:0.000857s ]
INFO: [ app_end ] --END-- [ RunTime:0.000970s ]

[ 2018-10-28T15:50:00+08:00 ] 127.0.0.1 /thinkphp/tel/index.php/Home/group/index.html
INFO: [ app_init ] --START--
INFO: Run Behavior\BuildLiteBehavior [ RunTime:0.000023s ]
INFO: [ app_init ] --END-- [ RunTime:0.000489s ]
INFO: [ app_begin ] --START--
INFO: Run Behavior\ReadHtmlCacheBehavior [ RunTime:0.000957s ]
INFO: [ app_begin ] --END-- [ RunTime:0.001062s ]
SQL: SHOW COLUMNS FROM `telbook_group` [ RunTime:0.0197s ]
SQL: SHOW COLUMNS FROM `telbook_group` [ RunTime:0.0191s ]
SQL: SHOW COLUMNS FROM `telbook_group` [ RunTime:0.0100s ]
SQL: SELECT `id`,`title`,g.status as gstatus,`rules`,g.cid as gcid,c.cid as ccid,c.cname,c.status as cstatus FROM telbook_group g left join telbook_company c on g.cid=c.cid   [ RunTime:0.0010s ]
SQL: SHOW COLUMNS FROM `telbook_rule` [ RunTime:0.0103s ]
SQL: SELECT `title` FROM `telbook_rule` WHERE `id` IN ('23','21','26','28','27','25','42','41','30','32','31','29','58','39','45','47','46','44','65','64','63','67','66','34','36','50','53','49','38','35','33','48','40','55') ORDER BY name  [ RunTime:0.0008s ]
SQL: SELECT `title` FROM `telbook_rule` WHERE `id` IN ('58','39','65','64','63','67','66','34','36','38','35','33','48','40') ORDER BY name  [ RunTime:0.0007s ]
SQL: SELECT `title` FROM `telbook_rule` WHERE `id` IN ('58','39','38','35','33','48','40') ORDER BY name  [ RunTime:0.0005s ]
SQL: SELECT `title` FROM `telbook_rule` WHERE `id` IN ('26','28','27','25') ORDER BY name  [ RunTime:0.0005s ]
SQL: SELECT `title` FROM `telbook_rule` WHERE `id` IN ('27') ORDER BY name  [ RunTime:0.0003s ]
INFO: [ view_parse ] --START--
INFO: [ template_filter ] --START--
INFO: Run Behavior\ContentReplaceBehavior [ RunTime:0.000158s ]
INFO: [ template_filter ] --END-- [ RunTime:0.000542s ]
NOTIC: [8] Undefined index: rules_title D:\wamp\www\thinkphp\tel\Runtime\Cache\Home\8fca36e77a7f1f34f115e8b7c1f403b0.php 第 80 行.
INFO: Run Behavior\ParseTemplateBehavior [ RunTime:0.121216s ]
INFO: [ view_parse ] --END-- [ RunTime:0.121375s ]
INFO: [ view_filter ] --START--
INFO: Run Behavior\WriteHtmlCacheBehavior [ RunTime:0.001169s ]
INFO: [ view_filter ] --END-- [ RunTime:0.001292s ]
INFO: [ app_end ] --START--
INFO: Run Behavior\ShowPageTraceBehavior [ RunTime:0.001239s ]
INFO: [ app_end ] --END-- [ RunTime:0.001356s ]

[ 2018-10-28T15:50:05+08:00 ] 127.0.0.1 /thinkphp/tel/index.php/Home/company/index.html
INFO: [ app_init ] --START--
INFO: Run Behavior\BuildLiteBehavior [ RunTime:0.000029s ]
INFO: [ app_init ] --END-- [ RunTime:0.000760s ]
INFO: [ app_begin ] --START--
INFO: Run Behavior\ReadHtmlCacheBehavior [ RunTime:0.001304s ]
INFO: [ app_begin ] --END-- [ RunTime:0.001530s ]
SQL: SHOW COLUMNS FROM `telbook_company` [ RunTime:0.0198s ]
SQL: SELECT * FROM `telbook_company` WHERE ( cid=1 ) ORDER BY sort desc  [ RunTime:0.0014s ]
INFO: [ view_parse ] --START--
INFO: [ template_filter ] --START--
INFO: Run Behavior\ContentReplaceBehavior [ RunTime:0.000132s ]
INFO: [ template_filter ] --END-- [ RunTime:0.000304s ]
INFO: Run Behavior\ParseTemplateBehavior [ RunTime:0.032616s ]
INFO: [ view_parse ] --END-- [ RunTime:0.032817s ]
INFO: [ view_filter ] --START--
INFO: Run Behavior\WriteHtmlCacheBehavior [ RunTime:0.000906s ]
INFO: [ view_filter ] --END-- [ RunTime:0.001008s ]
INFO: [ app_end ] --START--
INFO: Run Behavior\ShowPageTraceBehavior [ RunTime:0.000823s ]
INFO: [ app_end ] --END-- [ RunTime:0.000922s ]

[ 2018-10-28T15:50:10+08:00 ] 127.0.0.1 /thinkphp/tel/index.php/Home/index/delruntime.html
INFO: [ app_init ] --START--
INFO: Run Behavior\BuildLiteBehavior [ RunTime:0.000054s ]
INFO: [ app_init ] --END-- [ RunTime:0.000688s ]
INFO: [ app_begin ] --START--
INFO: Run Behavior\ReadHtmlCacheBehavior [ RunTime:0.000844s ]
INFO: [ app_begin ] --END-- [ RunTime:0.000942s ]
INFO: [ view_parse ] --START--
INFO: [ template_filter ] --START--
INFO: Run Behavior\ContentReplaceBehavior [ RunTime:0.000091s ]
INFO: [ template_filter ] --END-- [ RunTime:0.000206s ]
INFO: Run Behavior\ParseTemplateBehavior [ RunTime:0.011668s ]
INFO: [ view_parse ] --END-- [ RunTime:0.011820s ]
INFO: [ view_filter ] --START--
INFO: Run Behavior\WriteHtmlCacheBehavior [ RunTime:0.000799s ]
INFO: [ view_filter ] --END-- [ RunTime:0.000905s ]

[ 2018-10-28T15:50:11+08:00 ] 127.0.0.1 /thinkphp/tel/index.php/Home/Index/index.html
INFO: [ app_init ] --START--
INFO: Run Behavior\BuildLiteBehavior [ RunTime:0.000023s ]
INFO: [ app_init ] --END-- [ RunTime:0.000779s ]
INFO: [ app_begin ] --START--
INFO: Run Behavior\ReadHtmlCacheBehavior [ RunTime:0.000916s ]
INFO: [ app_begin ] --END-- [ RunTime:0.001024s ]
INFO: [ view_parse ] --START--
INFO: [ template_filter ] --START--
INFO: Run Behavior\ContentReplaceBehavior [ RunTime:0.000113s ]
INFO: [ template_filter ] --END-- [ RunTime:0.000298s ]
INFO: Run Behavior\ParseTemplateBehavior [ RunTime:0.016113s ]
INFO: [ view_parse ] --END-- [ RunTime:0.016275s ]
INFO: [ view_filter ] --START--
INFO: Run Behavior\WriteHtmlCacheBehavior [ RunTime:0.000514s ]
INFO: [ view_filter ] --END-- [ RunTime:0.000605s ]
INFO: [ app_end ] --START--
INFO: Run Behavior\ShowPageTraceBehavior [ RunTime:0.001249s ]
INFO: [ app_end ] --END-- [ RunTime:0.001346s ]

[ 2018-10-28T15:50:14+08:00 ] 127.0.0.1 /thinkphp/tel/index.php/Home/department/index.html
INFO: [ app_init ] --START--
INFO: Run Behavior\BuildLiteBehavior [ RunTime:0.000025s ]
INFO: [ app_init ] --END-- [ RunTime:0.000584s ]
INFO: [ app_begin ] --START--
INFO: Run Behavior\ReadHtmlCacheBehavior [ RunTime:0.000707s ]
INFO: [ app_begin ] --END-- [ RunTime:0.000838s ]
SQL: SHOW COLUMNS FROM `telbook_department` [ RunTime:0.0192s ]
SQL: SHOW COLUMNS FROM `telbook_department` [ RunTime:0.0172s ]
NOTIC: [8] Undefined variable: map D:\wamp\www\thinkphp\tel\Home\Model\DepartmentModel.class.php 第 34 行.
SQL: SHOW COLUMNS FROM `telbook_department` [ RunTime:0.0109s ]
SQL: SELECT d.did,`dname`,d.sort,d.status,c.cname FROM telbook_department as d left join telbook_company c on d.cid = c.cid  ORDER BY d.cid,d.sort desc,did  [ RunTime:0.0010s ]
INFO: [ view_parse ] --START--
INFO: [ template_filter ] --START--
INFO: Run Behavior\ContentReplaceBehavior [ RunTime:0.000094s ]
INFO: [ template_filter ] --END-- [ RunTime:0.000211s ]
INFO: Run Behavior\ParseTemplateBehavior [ RunTime:0.028264s ]
INFO: [ view_parse ] --END-- [ RunTime:0.028455s ]
INFO: [ view_filter ] --START--
INFO: Run Behavior\WriteHtmlCacheBehavior [ RunTime:0.000538s ]
INFO: [ view_filter ] --END-- [ RunTime:0.000631s ]
INFO: [ app_end ] --START--
INFO: Run Behavior\ShowPageTraceBehavior [ RunTime:0.001216s ]
INFO: [ app_end ] --END-- [ RunTime:0.001308s ]

